[2012-10-30 09:37:52,793: DEBUG/MainProcess] [Worker] Loading modules.
[2012-10-30 09:37:52,921: DEBUG/MainProcess] [Worker] Claiming components.
[2012-10-30 09:37:52,921: DEBUG/MainProcess] [Worker] Building boot step graph.
[2012-10-30 09:37:52,922: DEBUG/MainProcess] [Worker] New boot order: {ev, queues, beat, pool, mediator, autoreloader, timers, state-db, autoscaler, consumer}
[2012-10-30 09:37:52,926: DEBUG/MainProcess] Starting celery.beat._Process...
[2012-10-30 09:37:52,927: WARNING/MainProcess] /usr/local/lib/python2.6/dist-packages/billiard/forking.py:455: UserWarning: Will add directory '/media/datos/workspace/acquisition/src' to path! This is necessary to accommodate pre-Django 1.4 layouts using setup_environ.
You can skip this warning by adding a DJANGO_SETTINGS_MODULE=settings environment variable.

  W_OLD_DJANGO_LAYOUT % os.path.realpath(project_dir)
[2012-10-30 09:37:52,929: DEBUG/MainProcess] celery.beat._Process OK!
[2012-10-30 09:37:52,929: DEBUG/MainProcess] Starting celery.concurrency.processes.TaskPool...
[2012-10-30 09:37:52,929: INFO/MainProcess] Celerybeat: Starting...
[2012-10-30 09:37:52,947: DEBUG/MainProcess] Current schedule:
<Entry: celery.backend_cleanup celery.backend_cleanup() {<crontab: * 4 * * * (m/h/d/dM/MY)>}
[2012-10-30 09:37:52,947: DEBUG/MainProcess] Celerybeat: Ticking with max interval->5.00 minutes
[2012-10-30 09:37:52,956: DEBUG/MainProcess] Celerybeat: Waking up in 5.00 minutes.
[2012-10-30 09:37:52,962: DEBUG/MainProcess] celery.concurrency.processes.TaskPool OK!
[2012-10-30 09:37:52,963: DEBUG/MainProcess] Starting celery.worker.mediator.Mediator...
[2012-10-30 09:37:52,972: DEBUG/MainProcess] celery.worker.mediator.Mediator OK!
[2012-10-30 09:37:52,973: DEBUG/MainProcess] Starting celery.worker.consumer.BlockingConsumer...
[2012-10-30 09:37:52,973: WARNING/MainProcess] /usr/local/lib/python2.6/dist-packages/djcelery/loaders.py:132: UserWarning: Using settings.DEBUG leads to a memory leak, never use this setting in production environments!
  warnings.warn("Using settings.DEBUG leads to a memory leak, never "
[2012-10-30 09:37:52,974: WARNING/MainProcess] celery@mac-laptop ready.
[2012-10-30 09:37:52,974: DEBUG/MainProcess] consumer: Re-establishing connection to the broker...
[2012-10-30 09:37:52,975: INFO/MainProcess] consumer: Connected to django://localhost//.
[2012-10-30 09:37:52,988: DEBUG/MainProcess] (0.000) SELECT `djkombu_queue`.`id`, `djkombu_queue`.`name` FROM `djkombu_queue` WHERE `djkombu_queue`.`name` = 'celery' ; args=('celery',)
[2012-10-30 09:37:52,989: DEBUG/MainProcess] (0.000) SELECT `djkombu_queue`.`id`, `djkombu_queue`.`name` FROM `djkombu_queue` WHERE `djkombu_queue`.`name` = 'celery' ; args=('celery',)
[2012-10-30 09:37:52,992: DEBUG/MainProcess] (0.000) SELECT COUNT(*) FROM `djkombu_message` WHERE `djkombu_message`.`queue_id` = 1 ; args=(1,)
[2012-10-30 09:37:52,993: DEBUG/MainProcess] consumer: basic.qos: prefetch_count->8
[2012-10-30 09:37:52,996: DEBUG/MainProcess] (0.000) SELECT `djkombu_queue`.`id`, `djkombu_queue`.`name` FROM `djkombu_queue` WHERE `djkombu_queue`.`name` = 'mac-laptop.celery.pidbox' ; args=('mac-laptop.celery.pidbox',)
[2012-10-30 09:37:52,999: DEBUG/MainProcess] (0.000) SELECT `djkombu_queue`.`id`, `djkombu_queue`.`name` FROM `djkombu_queue` WHERE `djkombu_queue`.`name` = 'mac-laptop.celery.pidbox' ; args=('mac-laptop.celery.pidbox',)
[2012-10-30 09:37:52,999: DEBUG/MainProcess] recreated blocker with handle 3076665344L
[2012-10-30 09:37:52,999: DEBUG/MainProcess] recreated blocker with handle 3076661248L
[2012-10-30 09:37:52,999: DEBUG/MainProcess] recreated blocker with handle 3076657152L
[2012-10-30 09:37:53,000: DEBUG/MainProcess] recreated blocker with handle 3076653056L
[2012-10-30 09:37:53,002: DEBUG/MainProcess] (0.000) SELECT COUNT(*) FROM `djkombu_message` WHERE `djkombu_message`.`queue_id` = 2 ; args=(2,)
[2012-10-30 09:37:53,009: DEBUG/MainProcess] consumer: Ready to accept tasks!
[2012-10-30 09:37:53,011: DEBUG/MainProcess] (0.000) SELECT `djkombu_queue`.`id`, `djkombu_queue`.`name` FROM `djkombu_queue` WHERE `djkombu_queue`.`name` = 'celery' ; args=('celery',)
[2012-10-30 09:37:53,015: DEBUG/MainProcess] (0.000) SELECT `djkombu_message`.`id`, `djkombu_message`.`visible`, `djkombu_message`.`sent_at`, `djkombu_message`.`payload`, `djkombu_message`.`queue_id` FROM `djkombu_message` WHERE (`djkombu_message`.`queue_id` = 1  AND `djkombu_message`.`visible` = 1 ) ORDER BY `djkombu_message`.`sent_at` ASC, `djkombu_message`.`id` ASC LIMIT 1 FOR UPDATE; args=(1, True)
[2012-10-30 09:37:53,019: DEBUG/MainProcess] recreated blocker with handle 3076665344L
[2012-10-30 09:37:53,019: DEBUG/MainProcess] recreated blocker with handle 3076661248L
[2012-10-30 09:37:53,019: DEBUG/MainProcess] recreated blocker with handle 3076657152L
[2012-10-30 09:37:53,019: DEBUG/MainProcess] recreated blocker with handle 3076653056L
[2012-10-30 09:37:53,355: INFO/MainProcess] child process calling self.run()
[2012-10-30 09:37:53,358: INFO/MainProcess] child process calling self.run()
[2012-10-30 09:37:58,024: DEBUG/MainProcess] (0.001) SELECT `djkombu_queue`.`id`, `djkombu_queue`.`name` FROM `djkombu_queue` WHERE `djkombu_queue`.`name` = 'celery' ; args=('celery',)
[2012-10-30 09:37:58,034: DEBUG/MainProcess] (0.001) SELECT `djkombu_message`.`id`, `djkombu_message`.`visible`, `djkombu_message`.`sent_at`, `djkombu_message`.`payload`, `djkombu_message`.`queue_id` FROM `djkombu_message` WHERE (`djkombu_message`.`queue_id` = 1  AND `djkombu_message`.`visible` = 1 ) ORDER BY `djkombu_message`.`sent_at` ASC, `djkombu_message`.`id` ASC LIMIT 1 FOR UPDATE; args=(1, True)
[2012-10-30 09:38:03,043: DEBUG/MainProcess] (0.000) SELECT `djkombu_queue`.`id`, `djkombu_queue`.`name` FROM `djkombu_queue` WHERE `djkombu_queue`.`name` = 'celery' ; args=('celery',)
[2012-10-30 09:38:03,103: DEBUG/MainProcess] (0.001) SELECT `djkombu_message`.`id`, `djkombu_message`.`visible`, `djkombu_message`.`sent_at`, `djkombu_message`.`payload`, `djkombu_message`.`queue_id` FROM `djkombu_message` WHERE (`djkombu_message`.`queue_id` = 1  AND `djkombu_message`.`visible` = 1 ) ORDER BY `djkombu_message`.`sent_at` ASC, `djkombu_message`.`id` ASC LIMIT 1 FOR UPDATE; args=(1, True)
[2012-10-30 09:38:03,108: DEBUG/MainProcess] (0.000) SELECT `djkombu_queue`.`id`, `djkombu_queue`.`name` FROM `djkombu_queue` WHERE `djkombu_queue`.`name` = 'celery' ; args=('celery',)
[2012-10-30 09:38:03,117: DEBUG/MainProcess] (0.001) SELECT `djkombu_message`.`id`, `djkombu_message`.`visible`, `djkombu_message`.`sent_at`, `djkombu_message`.`payload`, `djkombu_message`.`queue_id` FROM `djkombu_message` WHERE (`djkombu_message`.`queue_id` = 1  AND `djkombu_message`.`visible` = 1 ) ORDER BY `djkombu_message`.`sent_at` ASC, `djkombu_message`.`id` ASC LIMIT 1 FOR UPDATE; args=(1, True)
[2012-10-30 09:38:08,125: DEBUG/MainProcess] (0.000) SELECT `djkombu_queue`.`id`, `djkombu_queue`.`name` FROM `djkombu_queue` WHERE `djkombu_queue`.`name` = 'celery' ; args=('celery',)
[2012-10-30 09:38:08,179: DEBUG/MainProcess] (0.000) SELECT `djkombu_message`.`id`, `djkombu_message`.`visible`, `djkombu_message`.`sent_at`, `djkombu_message`.`payload`, `djkombu_message`.`queue_id` FROM `djkombu_message` WHERE (`djkombu_message`.`queue_id` = 1  AND `djkombu_message`.`visible` = 1 ) ORDER BY `djkombu_message`.`sent_at` ASC, `djkombu_message`.`id` ASC LIMIT 1 FOR UPDATE; args=(1, True)
[2012-10-30 09:38:13,186: DEBUG/MainProcess] (0.000) SELECT `djkombu_queue`.`id`, `djkombu_queue`.`name` FROM `djkombu_queue` WHERE `djkombu_queue`.`name` = 'celery' ; args=('celery',)
[2012-10-30 09:38:13,196: DEBUG/MainProcess] (0.001) SELECT `djkombu_message`.`id`, `djkombu_message`.`visible`, `djkombu_message`.`sent_at`, `djkombu_message`.`payload`, `djkombu_message`.`queue_id` FROM `djkombu_message` WHERE (`djkombu_message`.`queue_id` = 1  AND `djkombu_message`.`visible` = 1 ) ORDER BY `djkombu_message`.`sent_at` ASC, `djkombu_message`.`id` ASC LIMIT 1 FOR UPDATE; args=(1, True)
[2012-10-30 09:38:13,199: DEBUG/MainProcess] (0.000) SELECT `djkombu_queue`.`id`, `djkombu_queue`.`name` FROM `djkombu_queue` WHERE `djkombu_queue`.`name` = 'celery' ; args=('celery',)
[2012-10-30 09:38:13,208: DEBUG/MainProcess] (0.001) SELECT `djkombu_message`.`id`, `djkombu_message`.`visible`, `djkombu_message`.`sent_at`, `djkombu_message`.`payload`, `djkombu_message`.`queue_id` FROM `djkombu_message` WHERE (`djkombu_message`.`queue_id` = 1  AND `djkombu_message`.`visible` = 1 ) ORDER BY `djkombu_message`.`sent_at` ASC, `djkombu_message`.`id` ASC LIMIT 1 FOR UPDATE; args=(1, True)
[2012-10-30 09:38:18,216: DEBUG/MainProcess] (0.000) SELECT `djkombu_queue`.`id`, `djkombu_queue`.`name` FROM `djkombu_queue` WHERE `djkombu_queue`.`name` = 'celery' ; args=('celery',)
[2012-10-30 09:38:18,274: DEBUG/MainProcess] (0.001) SELECT `djkombu_message`.`id`, `djkombu_message`.`visible`, `djkombu_message`.`sent_at`, `djkombu_message`.`payload`, `djkombu_message`.`queue_id` FROM `djkombu_message` WHERE (`djkombu_message`.`queue_id` = 1  AND `djkombu_message`.`visible` = 1 ) ORDER BY `djkombu_message`.`sent_at` ASC, `djkombu_message`.`id` ASC LIMIT 1 FOR UPDATE; args=(1, True)
[2012-10-30 09:38:23,277: DEBUG/MainProcess] (0.000) SELECT `djkombu_queue`.`id`, `djkombu_queue`.`name` FROM `djkombu_queue` WHERE `djkombu_queue`.`name` = 'celery' ; args=('celery',)
[2012-10-30 09:38:23,280: DEBUG/MainProcess] (0.000) SELECT `djkombu_message`.`id`, `djkombu_message`.`visible`, `djkombu_message`.`sent_at`, `djkombu_message`.`payload`, `djkombu_message`.`queue_id` FROM `djkombu_message` WHERE (`djkombu_message`.`queue_id` = 1  AND `djkombu_message`.`visible` = 1 ) ORDER BY `djkombu_message`.`sent_at` ASC, `djkombu_message`.`id` ASC LIMIT 1 FOR UPDATE; args=(1, True)
[2012-10-30 09:38:23,331: DEBUG/MainProcess] (0.000) SELECT `djkombu_queue`.`id`, `djkombu_queue`.`name` FROM `djkombu_queue` WHERE `djkombu_queue`.`name` = 'celery' ; args=('celery',)
[2012-10-30 09:38:23,342: DEBUG/MainProcess] (0.001) SELECT `djkombu_message`.`id`, `djkombu_message`.`visible`, `djkombu_message`.`sent_at`, `djkombu_message`.`payload`, `djkombu_message`.`queue_id` FROM `djkombu_message` WHERE (`djkombu_message`.`queue_id` = 1  AND `djkombu_message`.`visible` = 1 ) ORDER BY `djkombu_message`.`sent_at` ASC, `djkombu_message`.`id` ASC LIMIT 1 FOR UPDATE; args=(1, True)
[2012-10-30 09:38:28,348: DEBUG/MainProcess] (0.000) SELECT `djkombu_queue`.`id`, `djkombu_queue`.`name` FROM `djkombu_queue` WHERE `djkombu_queue`.`name` = 'celery' ; args=('celery',)
[2012-10-30 09:38:28,351: DEBUG/MainProcess] (0.000) SELECT `djkombu_message`.`id`, `djkombu_message`.`visible`, `djkombu_message`.`sent_at`, `djkombu_message`.`payload`, `djkombu_message`.`queue_id` FROM `djkombu_message` WHERE (`djkombu_message`.`queue_id` = 1  AND `djkombu_message`.`visible` = 1 ) ORDER BY `djkombu_message`.`sent_at` ASC, `djkombu_message`.`id` ASC LIMIT 1 FOR UPDATE; args=(1, True)
[2012-10-30 09:38:33,357: DEBUG/MainProcess] (0.000) SELECT `djkombu_queue`.`id`, `djkombu_queue`.`name` FROM `djkombu_queue` WHERE `djkombu_queue`.`name` = 'celery' ; args=('celery',)
[2012-10-30 09:38:33,361: DEBUG/MainProcess] (0.000) SELECT `djkombu_message`.`id`, `djkombu_message`.`visible`, `djkombu_message`.`sent_at`, `djkombu_message`.`payload`, `djkombu_message`.`queue_id` FROM `djkombu_message` WHERE (`djkombu_message`.`queue_id` = 1  AND `djkombu_message`.`visible` = 1 ) ORDER BY `djkombu_message`.`sent_at` ASC, `djkombu_message`.`id` ASC LIMIT 1 FOR UPDATE; args=(1, True)
[2012-10-30 09:38:33,408: DEBUG/MainProcess] (0.000) SELECT `djkombu_queue`.`id`, `djkombu_queue`.`name` FROM `djkombu_queue` WHERE `djkombu_queue`.`name` = 'celery' ; args=('celery',)
[2012-10-30 09:38:33,411: DEBUG/MainProcess] (0.000) SELECT `djkombu_message`.`id`, `djkombu_message`.`visible`, `djkombu_message`.`sent_at`, `djkombu_message`.`payload`, `djkombu_message`.`queue_id` FROM `djkombu_message` WHERE (`djkombu_message`.`queue_id` = 1  AND `djkombu_message`.`visible` = 1 ) ORDER BY `djkombu_message`.`sent_at` ASC, `djkombu_message`.`id` ASC LIMIT 1 FOR UPDATE; args=(1, True)
[2012-10-30 09:38:38,418: DEBUG/MainProcess] (0.000) SELECT `djkombu_queue`.`id`, `djkombu_queue`.`name` FROM `djkombu_queue` WHERE `djkombu_queue`.`name` = 'celery' ; args=('celery',)
[2012-10-30 09:38:38,476: DEBUG/MainProcess] (0.001) SELECT `djkombu_message`.`id`, `djkombu_message`.`visible`, `djkombu_message`.`sent_at`, `djkombu_message`.`payload`, `djkombu_message`.`queue_id` FROM `djkombu_message` WHERE (`djkombu_message`.`queue_id` = 1  AND `djkombu_message`.`visible` = 1 ) ORDER BY `djkombu_message`.`sent_at` ASC, `djkombu_message`.`id` ASC LIMIT 1 FOR UPDATE; args=(1, True)
[2012-10-30 09:38:43,485: DEBUG/MainProcess] (0.000) SELECT `djkombu_queue`.`id`, `djkombu_queue`.`name` FROM `djkombu_queue` WHERE `djkombu_queue`.`name` = 'celery' ; args=('celery',)
[2012-10-30 09:38:43,547: DEBUG/MainProcess] (0.001) SELECT `djkombu_message`.`id`, `djkombu_message`.`visible`, `djkombu_message`.`sent_at`, `djkombu_message`.`payload`, `djkombu_message`.`queue_id` FROM `djkombu_message` WHERE (`djkombu_message`.`queue_id` = 1  AND `djkombu_message`.`visible` = 1 ) ORDER BY `djkombu_message`.`sent_at` ASC, `djkombu_message`.`id` ASC LIMIT 1 FOR UPDATE; args=(1, True)
[2012-10-30 09:38:43,551: DEBUG/MainProcess] (0.000) SELECT `djkombu_queue`.`id`, `djkombu_queue`.`name` FROM `djkombu_queue` WHERE `djkombu_queue`.`name` = 'celery' ; args=('celery',)
[2012-10-30 09:38:43,560: DEBUG/MainProcess] (0.001) SELECT `djkombu_message`.`id`, `djkombu_message`.`visible`, `djkombu_message`.`sent_at`, `djkombu_message`.`payload`, `djkombu_message`.`queue_id` FROM `djkombu_message` WHERE (`djkombu_message`.`queue_id` = 1  AND `djkombu_message`.`visible` = 1 ) ORDER BY `djkombu_message`.`sent_at` ASC, `djkombu_message`.`id` ASC LIMIT 1 FOR UPDATE; args=(1, True)
[2012-10-30 09:38:48,569: DEBUG/MainProcess] (0.000) SELECT `djkombu_queue`.`id`, `djkombu_queue`.`name` FROM `djkombu_queue` WHERE `djkombu_queue`.`name` = 'celery' ; args=('celery',)
[2012-10-30 09:38:48,630: DEBUG/MainProcess] (0.001) SELECT `djkombu_message`.`id`, `djkombu_message`.`visible`, `djkombu_message`.`sent_at`, `djkombu_message`.`payload`, `djkombu_message`.`queue_id` FROM `djkombu_message` WHERE (`djkombu_message`.`queue_id` = 1  AND `djkombu_message`.`visible` = 1 ) ORDER BY `djkombu_message`.`sent_at` ASC, `djkombu_message`.`id` ASC LIMIT 1 FOR UPDATE; args=(1, True)
[2012-10-30 09:38:50,071: DEBUG/MainProcess] (0.000) SELECT `djkombu_queue`.`id`, `djkombu_queue`.`name` FROM `djkombu_queue` WHERE `djkombu_queue`.`name` = 'celery' ; args=('celery',)
[2012-10-30 09:38:50,113: DEBUG/MainProcess] (0.038) SELECT `djkombu_message`.`id`, `djkombu_message`.`visible`, `djkombu_message`.`sent_at`, `djkombu_message`.`payload`, `djkombu_message`.`queue_id` FROM `djkombu_message` WHERE (`djkombu_message`.`queue_id` = 1  AND `djkombu_message`.`visible` = 1 ) ORDER BY `djkombu_message`.`sent_at` ASC, `djkombu_message`.`id` ASC LIMIT 1 FOR UPDATE; args=(1, True)
[2012-10-30 09:38:50,876: DEBUG/MainProcess] recreated blocker with handle 3076665344L
[2012-10-30 09:38:50,876: DEBUG/MainProcess] recreated blocker with handle 3076661248L
[2012-10-30 09:38:50,876: DEBUG/MainProcess] recreated blocker with handle 3076657152L
[2012-10-30 09:38:50,876: DEBUG/MainProcess] recreated blocker with handle 3076653056L
[2012-10-30 09:38:51,195: INFO/MainProcess] child process calling self.run()
[2012-10-30 09:38:51,449: DEBUG/MainProcess] (0.000) SELECT `djkombu_queue`.`id`, `djkombu_queue`.`name` FROM `djkombu_queue` WHERE `djkombu_queue`.`name` = 'celery' ; args=('celery',)
[2012-10-30 09:38:51,452: DEBUG/MainProcess] (0.000) SELECT `djkombu_message`.`id`, `djkombu_message`.`visible`, `djkombu_message`.`sent_at`, `djkombu_message`.`payload`, `djkombu_message`.`queue_id` FROM `djkombu_message` WHERE (`djkombu_message`.`queue_id` = 1  AND `djkombu_message`.`visible` = 1 ) ORDER BY `djkombu_message`.`sent_at` ASC, `djkombu_message`.`id` ASC LIMIT 1 FOR UPDATE; args=(1, True)
[2012-10-30 09:38:56,459: DEBUG/MainProcess] (0.000) SELECT `djkombu_queue`.`id`, `djkombu_queue`.`name` FROM `djkombu_queue` WHERE `djkombu_queue`.`name` = 'celery' ; args=('celery',)
[2012-10-30 09:38:56,466: DEBUG/MainProcess] (0.001) SELECT `djkombu_message`.`id`, `djkombu_message`.`visible`, `djkombu_message`.`sent_at`, `djkombu_message`.`payload`, `djkombu_message`.`queue_id` FROM `djkombu_message` WHERE (`djkombu_message`.`queue_id` = 1  AND `djkombu_message`.`visible` = 1 ) ORDER BY `djkombu_message`.`sent_at` ASC, `djkombu_message`.`id` ASC LIMIT 1 FOR UPDATE; args=(1, True)
[2012-10-30 09:38:56,467: DEBUG/MainProcess] Stopping celery.worker.consumer.BlockingConsumer...
[2012-10-30 09:38:56,468: DEBUG/MainProcess] consumer: Stopping consumers...
[2012-10-30 09:38:56,468: DEBUG/MainProcess] Stopping celery.worker.mediator.Mediator...
[2012-10-30 09:38:57,026: DEBUG/MainProcess] Stopping celery.concurrency.processes.TaskPool...
[2012-10-30 09:38:57,026: DEBUG/MainProcess] Stopping celery.beat._Process...
[2012-10-30 09:38:57,026: INFO/MainProcess] Celerybeat: Shutting down...
[2012-10-30 09:38:58,001: DEBUG/MainProcess] consumer: Closing consumer channel...
[2012-10-30 09:38:58,001: DEBUG/MainProcess] consumer: Closing broadcast channel...
[2012-10-30 09:38:58,001: DEBUG/MainProcess] consumer: Closing broker connection...
